# Hoverboard test (1048576 1 1000000000)
# time(ns),sleep_time(ns),repetitions
24193443,1000000000,1
4108357,1000000000,1
2688164,1000000000,1
2137339,1000000000,1
1726382,1000000000,1
1407078,1000000000,1
1154956,1000000000,1
992273,1000000000,1
867898,1000000000,1
667032,1000000000,1
560823,1000000000,1
550443,1000000000,1
528944,1000000000,1
543831,1000000000,1
464473,1000000000,1
455492,1000000000,1
428506,1000000000,1
383762,1000000000,1
374196,1000000000,1
345513,1000000000,1
347062,1000000000,1
354985,1000000000,1
349183,1000000000,1
342339,1000000000,1
342203,1000000000,1
358141,1000000000,1
341051,1000000000,1
340856,1000000000,1
339030,1000000000,1
344281,1000000000,1
# Hoverboard test (1048576 1 800000000)
# time(ns),sleep_time(ns),repetitions
24344515,800000000,1
4397756,800000000,1
2454018,800000000,1
1875961,800000000,1
1522831,800000000,1
1221445,800000000,1
1011450,800000000,1
868898,800000000,1
711968,800000000,1
690962,800000000,1
571327,800000000,1
551882,800000000,1
496961,800000000,1
437162,800000000,1
409721,800000000,1
372264,800000000,1
355015,800000000,1
376466,800000000,1
380626,800000000,1
350511,800000000,1
341323,800000000,1
356603,800000000,1
364518,800000000,1
357904,800000000,1
345556,800000000,1
352263,800000000,1
343931,800000000,1
349617,800000000,1
336756,800000000,1
349721,800000000,1
# Hoverboard test (1048576 1 600000000)
# time(ns),sleep_time(ns),repetitions
23936155,600000000,1
4118122,600000000,1
2538362,600000000,1
2037711,600000000,1
1501026,600000000,1
1235232,600000000,1
1037086,600000000,1
905943,600000000,1
750374,600000000,1
663630,600000000,1
549861,600000000,1
560666,600000000,1
496884,600000000,1
422284,600000000,1
396308,600000000,1
357349,600000000,1
348022,600000000,1
344118,600000000,1
355640,600000000,1
343410,600000000,1
340037,600000000,1
347440,600000000,1
364808,600000000,1
364605,600000000,1
340527,600000000,1
347675,600000000,1
350927,600000000,1
342119,600000000,1
356162,600000000,1
366393,600000000,1
# Hoverboard test (1048576 1 400000000)
# time(ns),sleep_time(ns),repetitions
23799531,400000000,1
4001001,400000000,1
2800595,400000000,1
2176443,400000000,1
1695916,400000000,1
1395736,400000000,1
1086374,400000000,1
950891,400000000,1
799919,400000000,1
711989,400000000,1
603024,400000000,1
567980,400000000,1
547110,400000000,1
440818,400000000,1
421381,400000000,1
381557,400000000,1
366999,400000000,1
361582,400000000,1
351764,400000000,1
356464,400000000,1
364444,400000000,1
361622,400000000,1
369749,400000000,1
371246,400000000,1
364399,400000000,1
366966,400000000,1
341964,400000000,1
342432,400000000,1
340895,400000000,1
342386,400000000,1
# Hoverboard test (1048576 1 200000000)
# time(ns),sleep_time(ns),repetitions
23812620,200000000,1
4654051,200000000,1
2726082,200000000,1
2242776,200000000,1
1775727,200000000,1
1418565,200000000,1
1212936,200000000,1
929261,200000000,1
851790,200000000,1
714034,200000000,1
549879,200000000,1
548207,200000000,1
507472,200000000,1
397441,200000000,1
381148,200000000,1
397804,200000000,1
366800,200000000,1
355893,200000000,1
359396,200000000,1
349968,200000000,1
345838,200000000,1
354769,200000000,1
351361,200000000,1
349407,200000000,1
361536,200000000,1
345322,200000000,1
337705,200000000,1
339075,200000000,1
337358,200000000,1
339426,200000000,1
# Hoverboard test (1048576 1 0)
# time(ns),sleep_time(ns),repetitions
24352091,0,1
4100061,0,1
2472185,0,1
2033147,0,1
1630543,0,1
1356865,0,1
1046948,0,1
954575,0,1
784348,0,1
622888,0,1
571449,0,1
536510,0,1
492988,0,1
407885,0,1
397985,0,1
368045,0,1
367963,0,1
343748,0,1
352662,0,1
332991,0,1
348593,0,1
339550,0,1
356104,0,1
367701,0,1
342089,0,1
337170,0,1
334201,0,1
343858,0,1
342929,0,1
345848,0,1
# Hoverboard test (1048576 1 200000001)
# time(ns),sleep_time(ns),repetitions
24301462,200000001,1
4113413,200000001,1
2653724,200000001,1
2089781,200000001,1
1754845,200000001,1
1408281,200000001,1
1195684,200000001,1
950286,200000001,1
793760,200000001,1
742903,200000001,1
624323,200000001,1
606792,200000001,1
536874,200000001,1
452343,200000001,1
401306,200000001,1
381276,200000001,1
357328,200000001,1
339623,200000001,1
349878,200000001,1
339024,200000001,1
345701,200000001,1
363944,200000001,1
344830,200000001,1
344722,200000001,1
335549,200000001,1
340511,200000001,1
343611,200000001,1
340233,200000001,1
345790,200000001,1
345023,200000001,1
# Hoverboard test (1048576 1 400000001)
# time(ns),sleep_time(ns),repetitions
24752169,400000001,1
4402334,400000001,1
2710655,400000001,1
1960842,400000001,1
1708447,400000001,1
1422221,400000001,1
1049984,400000001,1
926001,400000001,1
827930,400000001,1
662558,400000001,1
598775,400000001,1
556817,400000001,1
524228,400000001,1
467532,400000001,1
409054,400000001,1
369702,400000001,1
373267,400000001,1
348862,400000001,1
351311,400000001,1
338243,400000001,1
342144,400000001,1
348380,400000001,1
339330,400000001,1
353900,400000001,1
339987,400000001,1
344317,400000001,1
359217,400000001,1
354870,400000001,1
367024,400000001,1
359906,400000001,1
# Hoverboard test (1048576 1 600000001)
# time(ns),sleep_time(ns),repetitions
23867962,600000001,1
4403982,600000001,1
2568005,600000001,1
1989456,600000001,1
1447058,600000001,1
1182153,600000001,1
1057011,600000001,1
791004,600000001,1
783461,600000001,1
659347,600000001,1
563672,600000001,1
552129,600000001,1
470282,600000001,1
396096,600000001,1
366720,600000001,1
365044,600000001,1
343475,600000001,1
348806,600000001,1
356119,600000001,1
346772,600000001,1
360869,600000001,1
342275,600000001,1
358238,600000001,1
345597,600000001,1
347967,600000001,1
341477,600000001,1
343498,600000001,1
334915,600000001,1
339080,600000001,1
347656,600000001,1
# Hoverboard test (1048576 1 800000001)
# time(ns),sleep_time(ns),repetitions
24457947,800000001,1
4224479,800000001,1
2645025,800000001,1
1929287,800000001,1
1566074,800000001,1
1375791,800000001,1
1052371,800000001,1
810473,800000001,1
784515,800000001,1
705842,800000001,1
577842,800000001,1
552051,800000001,1
497133,800000001,1
447800,800000001,1
408538,800000001,1
389000,800000001,1
344620,800000001,1
374618,800000001,1
345881,800000001,1
341139,800000001,1
347129,800000001,1
354845,800000001,1
352200,800000001,1
350126,800000001,1
349841,800000001,1
347079,800000001,1
341406,800000001,1
335801,800000001,1
337553,800000001,1
338925,800000001,1
# Hoverboard test (1048576 1 1000000001)
# time(ns),sleep_time(ns),repetitions
23821470,1000000001,1
4229743,1000000001,1
2573488,1000000001,1
2002733,1000000001,1
1674022,1000000001,1
1261532,1000000001,1
1078453,1000000001,1
886449,1000000001,1
713771,1000000001,1
661656,1000000001,1
591801,1000000001,1
580725,1000000001,1
516529,1000000001,1
407849,1000000001,1
403693,1000000001,1
362360,1000000001,1
353742,1000000001,1
345022,1000000001,1
356120,1000000001,1
349839,1000000001,1
343428,1000000001,1
342526,1000000001,1
346670,1000000001,1
360115,1000000001,1
340356,1000000001,1
343001,1000000001,1
340994,1000000001,1
339900,1000000001,1
343817,1000000001,1
353319,1000000001,1
