# size n PRTT(1,0,s) PRTT(n,0,s) PRTT(n,PRTT(1,0,s),s) L o_s o_r g G lsqu(g,G)
# to get o: plot "./loggp.out" using 1:(($5-$3)/($2-1)-$3)
# to get g,G: plot "./loggp.out" using 1:($4-$3)/($2-1)
1 10 41.999000 55.255000 423.431000 20.999500 0.382333 1.011000 -nan -nan -nan
1025 10 82.590000 483.762000 1228.257000 20.999500 44.706333 45.512778 1.430797 0.042092 -nan
2049 10 76.868000 483.324000 1177.509000 20.999500 45.425444 45.570111 8.537334 0.021332 17.356540
3073 10 82.323000 483.270000 1226.391000 20.999500 44.795667 45.683889 14.454456 0.012677 16.779069
4097 10 80.053000 484.115000 1206.286000 20.999500 45.084000 45.642222 18.758321 0.008479 15.789719
5121 10 82.384000 484.668000 1228.926000 20.999500 45.009556 45.835222 22.090087 0.006040 14.945138
6145 10 76.822000 485.139000 1178.982000 20.999500 45.640222 45.847556 24.562618 0.004592 14.113920
7169 10 76.438000 486.812000 1176.892000 20.999500 45.834667 45.969778 26.544773 0.003625 13.406720
8193 10 77.428000 487.925000 1186.338000 20.999500 45.784222 46.026333 28.199383 0.002933 12.810603
9217 10 76.786000 488.181000 1181.015000 20.999500 45.906111 45.989000 29.584459 0.002426 12.288659
10241 10 83.969000 501.788000 1258.995000 20.999500 46.589444 47.162000 30.675803 0.002070 11.793274
11265 10 86.767000 539.916000 1322.226000 20.999500 50.506222 50.953667 31.143829 0.001933 11.229975
12289 10 92.962000 582.263000 1420.366000 20.999500 54.527333 54.803000 31.208670 0.001916 10.708247
13313 10 111.814000 699.591000 1708.397000 20.999500 65.584111 65.791444 30.226631 0.002156 10.472804
14337 10 113.100000 700.390000 1722.555000 20.999500 65.728333 66.031556 29.780194 0.002256 10.111030
15361 10 113.091000 705.045000 1721.518000 20.999500 65.623111 65.643667 29.643043 0.002285 9.748252
16385 10 113.394000 700.753000 1724.707000 20.999500 65.640778 65.829222 29.821713 0.002250 9.426918
17409 10 113.072000 702.532000 1722.703000 20.999500 65.775889 66.046778 30.149243 0.002190 9.160866
18433 10 113.644000 704.287000 1730.253000 20.999500 65.979222 66.230111 30.587278 0.002115 8.950968
19457 10 113.884000 706.859000 1731.389000 20.999500 65.838778 66.175778 31.088621 0.002033 8.787256
20481 10 115.154000 706.103000 1745.499000 20.999500 65.995444 66.345333 31.670148 0.001944 8.678430
21505 10 115.461000 706.991000 1750.193000 20.999500 66.175889 66.407111 32.282095 0.001854 8.604398
22529 10 115.179000 709.629000 1750.448000 20.999500 66.517556 66.831000 32.890756 0.001769 8.547507
23553 10 115.784000 714.757000 1755.420000 20.999500 66.397778 66.763444 33.477738 0.001691 8.496723
24577 10 116.130000 711.064000 1760.261000 20.999500 66.551222 66.902333 34.109759 0.001610 8.485256
25601 10 115.901000 712.595000 1758.662000 20.999500 66.628000 66.951889 34.727729 0.001535 8.479846
26625 10 116.123000 715.699000 1766.317000 20.999500 67.231889 67.351000 35.321397 0.001465 8.473598
27649 10 117.453000 719.022000 1776.258000 20.999500 66.858667 67.266444 35.897552 0.001400 8.469423
28673 10 117.248000 717.298000 1776.777000 20.999500 67.144111 67.385556 36.479824 0.001337 8.479747
29697 10 117.804000 718.758000 1783.523000 20.999500 67.275889 67.668889 37.047099 0.001278 8.491466
30721 10 117.615000 721.126000 1784.581000 20.999500 67.603444 67.828222 37.587928 0.001223 8.497393
31745 10 118.473000 725.134000 1792.136000 20.999500 67.489556 67.738111 38.100151 0.001173 8.496129
32769 10 118.801000 722.703000 1796.199000 20.999500 67.576556 67.929667 38.622209 0.001124 8.508868
33793 10 119.446000 724.441000 1804.725000 20.999500 67.807222 68.278667 39.126812 0.001078 8.519334
34817 10 119.368000 726.371000 1806.930000 20.999500 68.138889 68.304000 39.609057 0.001035 8.524461
35841 10 119.896000 731.966000 1809.910000 20.999500 67.883333 68.300667 40.052943 0.000997 8.515597
36865 10 119.427000 731.183000 1806.812000 20.999500 68.060222 68.440111 40.492239 0.000960 8.510972
37889 10 120.200000 732.370000 1817.400000 20.999500 68.377778 68.792333 40.921924 0.000925 8.507474
38913 10 119.680000 735.799000 1816.350000 20.999500 68.838889 69.073444 41.323116 0.000893 8.494887
39937 10 121.093000 738.268000 1828.554000 20.999500 68.624889 69.025333 41.713310 0.000863 8.482321
40961 10 121.694000 737.109000 1836.978000 20.999500 68.893111 69.287556 42.106854 0.000834 8.476914
41985 10 121.301000 739.101000 1834.149000 20.999500 69.015444 69.438000 42.481581 0.000806 8.466759
43009 10 121.648000 742.108000 1841.635000 20.999500 69.461667 69.739444 42.837484 0.000781 8.451881
44033 10 122.240000 746.885000 1846.894000 20.999500 69.388222 69.646667 43.168748 0.000758 8.429556
45057 10 122.607000 745.991000 1851.218000 20.999500 69.460889 69.781778 43.502699 0.000735 8.412972
46081 10 123.421000 747.695000 1861.357000 20.999500 69.683000 70.076222 43.828343 0.000713 8.396523
47105 10 123.096000 752.042000 1861.603000 20.999500 70.071444 70.375889 44.129067 0.000694 8.372179
48129 10 123.965000 755.336000 1869.424000 20.999500 69.974889 70.408889 44.416858 0.000675 8.345729
49153 10 124.011000 755.575000 1872.532000 20.999500 70.269111 70.567889 44.702046 0.000657 8.321754
50177 10 124.265000 756.965000 1877.528000 20.999500 70.542000 70.863889 44.980317 0.000640 8.298106
51201 10 124.683000 760.173000 1884.349000 20.999500 70.835444 71.100000 45.245030 0.000625 8.271678
52225 10 125.199000 762.935000 1888.788000 20.999500 70.755333 71.198778 45.499310 0.000610 8.243843
53249 10 125.489000 762.787000 1892.151000 20.999500 70.806778 71.343556 45.754388 0.000595 8.219428
54273 10 126.096000 764.673000 1902.095000 20.999500 71.237222 71.646000 46.002984 0.000581 8.195064
55297 10 125.757000 768.771000 1900.901000 20.999500 71.481222 71.802333 46.233218 0.000568 8.165567
56321 10 126.102000 771.846000 1904.317000 20.999500 71.477444 71.774556 46.452974 0.000556 8.134404
57345 10 126.513000 771.513000 1910.889000 20.999500 71.751000 71.848444 46.675761 0.000545 8.107084
58369 10 126.876000 772.724000 1916.193000 20.999500 71.937000 72.356889 46.895097 0.000533 8.080788
59393 10 127.613000 775.715000 1926.028000 20.999500 72.210889 72.627444 47.105917 0.000522 8.053300
60417 10 127.990000 778.097000 1928.998000 20.999500 72.122000 72.543667 47.309577 0.000512 8.025148
61441 10 128.357000 777.973000 1933.791000 20.999500 72.246778 72.649556 47.515088 0.000502 7.999978
62465 10 129.150000 779.708000 1945.708000 20.999500 72.689778 72.966556 47.717070 0.000492 7.975460
63489 10 129.340000 784.499000 1949.644000 20.999500 72.916000 73.409889 47.903245 0.000483 7.946528
64513 10 129.604000 786.944000 1951.230000 20.999500 72.798889 73.203556 48.082796 0.000474 7.916959
65537 10 129.551000 787.525000 1952.716000 20.999500 73.022889 73.423111 48.261115 0.000466 7.888803
66561 10 130.237000 787.646000 1963.428000 20.999500 73.450889 73.937000 48.441923 0.000458 7.863478
67585 10 130.133000 789.791000 1966.535000 20.999500 73.911667 74.023111 48.615846 0.000450 7.837164
68609 10 131.528000 795.146000 1978.916000 20.999500 73.737333 74.006667 48.777900 0.000443 7.807964
69633 10 131.061000 793.711000 1975.036000 20.999500 73.825111 74.261222 48.944081 0.000436 7.781996
70657 10 130.921000 796.689000 1980.116000 20.999500 74.545111 74.498444 49.101418 0.000429 7.754213
71681 10 131.850000 800.273000 1989.881000 20.999500 74.597889 74.695556 49.251843 0.000422 7.725384
72705 10 132.818000 802.964000 1997.097000 20.999500 74.324111 74.704778 49.398504 0.000416 7.696652
73729 10 132.576000 804.544000 1998.627000 20.999500 74.763000 74.934333 49.541248 0.000410 7.667927
74753 10 133.258000 806.169000 2006.473000 20.999500 74.877000 75.149889 49.682765 0.000405 7.640141
75777 10 133.771000 807.033000 2014.187000 20.999500 75.164111 75.416667 49.824686 0.000399 7.613847
76801 10 133.477000 811.017000 2012.333000 20.999500 75.284778 75.495222 49.955800 0.000394 7.584966
77825 10 134.766000 811.674000 2025.220000 20.999500 75.284444 75.662111 50.090421 0.000389 7.558588
78849 10 135.164000 812.463000 2032.788000 20.999500 75.683111 76.071444 50.225352 0.000383 7.533550
79873 10 135.004000 815.432000 2034.686000 20.999500 76.071778 76.161889 50.353028 0.000378 7.507071
80897 10 135.876000 820.151000 2040.862000 20.999500 75.789111 76.213222 50.471941 0.000374 7.478705
81921 10 135.853000 820.059000 2043.743000 20.999500 76.134778 76.245222 50.592967 0.000370 7.452166
82945 10 136.052000 821.193000 2048.831000 20.999500 76.479000 76.751556 50.713228 0.000365 7.426441
83969 10 136.150000 823.625000 2052.889000 20.999500 76.821000 77.045222 50.829060 0.000361 7.400229
84993 10 137.309000 827.897000 2064.474000 20.999500 76.820444 76.982444 50.938688 0.000357 7.372946
86017 10 137.574000 826.087000 2067.257000 20.999500 76.835222 77.119778 51.055539 0.000353 7.349125
87041 10 138.216000 829.041000 2075.973000 20.999500 77.090333 77.417222 51.168083 0.000349 7.324756
88065 10 137.056000 832.859000 2069.233000 20.999500 77.630333 77.867889 51.269944 0.000345 7.297754
89089 10 138.486000 836.597000 2081.334000 20.999500 77.386000 77.752222 51.368271 0.000342 7.270530
90113 10 138.593000 836.081000 2086.679000 20.999500 77.861000 77.870000 51.470298 0.000339 7.245367
91137 10 138.036000 837.636000 2082.651000 20.999500 78.032333 78.238111 51.569178 0.000335 7.220032
92161 10 139.457000 840.014000 2098.706000 20.999500 78.237333 78.395444 51.667772 0.000332 7.195437
93185 10 139.627000 843.564000 2100.952000 20.999500 78.298000 78.431111 51.760366 0.000329 7.169732
94209 10 140.501000 843.811000 2110.050000 20.999500 78.337778 78.568333 51.856543 0.000326 7.145960
95233 10 140.573000 846.074000 2113.375000 20.999500 78.627222 78.807000 51.949564 0.000323 7.121933
96257 10 140.743000 850.788000 2117.971000 20.999500 78.949000 79.229778 52.034231 0.000320 7.096066
97281 10 141.041000 852.434000 2120.888000 20.999500 78.942000 79.187222 52.118169 0.000318 7.070701
98305 10 140.527000 852.862000 2116.450000 20.999500 79.020000 79.306222 52.202271 0.000315 7.046087
99329 10 141.925000 854.737000 2134.271000 20.999500 79.446778 79.551222 52.287499 0.000313 7.022507
100353 10 141.576000 858.078000 2133.727000 20.999500 79.774111 79.852778 52.366738 0.000310 6.997789
101377 10 142.178000 862.619000 2139.450000 20.999500 79.741111 79.892333 52.439755 0.000308 6.971953
102401 10 141.655000 862.783000 2135.955000 20.999500 79.933889 80.008000 52.513817 0.000306 6.947033
103425 10 142.212000 863.658000 2144.237000 20.999500 80.235222 80.293556 52.589599 0.000304 6.923221
104449 10 141.353000 865.173000 2141.186000 20.999500 80.850667 80.727444 52.662655 0.000301 6.899227
105473 10 143.305000 870.141000 2156.444000 20.999500 80.377111 80.566556 52.731766 0.000299 6.874719
106497 10 143.360000 868.455000 2160.201000 20.999500 80.733444 80.734111 52.806897 0.000297 6.852508
107521 10 142.711000 871.277000 2157.841000 20.999500 81.192333 81.060889 52.877056 0.000295 6.829410
108545 10 143.708000 875.695000 2168.821000 20.999500 81.304556 81.419222 52.942579 0.000294 6.805578
109569 10 143.675000 878.634000 2168.616000 20.999500 81.318444 81.320000 53.004585 0.000292 6.781349
110593 10 143.637000 878.024000 2170.261000 20.999500 81.543444 81.484667 53.070262 0.000290 6.758614
111617 10 144.269000 880.216000 2179.271000 20.999500 81.842333 81.707444 53.135189 0.000288 6.736183
112641 10 143.633000 883.631000 2177.002000 20.999500 82.296889 82.133556 53.194521 0.000287 6.712761
113665 10 145.076000 887.856000 2190.661000 20.999500 82.211222 82.113444 53.250977 0.000285 6.689097
114689 10 145.385000 886.653000 2194.304000 20.999500 82.272667 82.384889 53.312901 0.000284 6.667321
115713 10 145.760000 888.914000 2201.079000 20.999500 82.608778 82.509556 53.373532 0.000282 6.645660
116737 10 145.749000 892.606000 2204.034000 20.999500 82.949333 82.939778 53.429489 0.000280 6.623231
117761 10 146.215000 895.027000 2210.482000 20.999500 83.148000 82.932111 53.484247 0.000279 6.600940
118785 10 146.536000 896.550000 2211.518000 20.999500 82.906444 83.011111 53.539237 0.000278 6.579138
119809 10 146.776000 896.300000 2218.542000 20.999500 83.420222 83.409889 53.597529 0.000276 6.558630
120833 10 147.619000 901.007000 2229.151000 20.999500 83.662333 83.744667 53.651009 0.000275 6.537276
121857 10 147.898000 903.078000 2231.885000 20.999500 83.656111 83.619778 53.703632 0.000274 6.516112
122881 10 147.596000 905.191000 2230.181000 20.999500 83.802333 83.718667 53.754302 0.000272 6.494859
123905 10 148.887000 905.025000 2245.589000 20.999500 84.079889 84.109111 53.809976 0.000271 6.475290
124929 10 151.493000 906.843000 2272.385000 20.999500 84.161667 84.461667 53.869211 0.000270 6.457115
125953 10 148.733000 911.150000 2247.376000 20.999500 84.449556 84.384778 53.918076 0.000268 6.436539
126977 10 149.127000 912.509000 2252.424000 20.999500 84.572667 84.614889 53.967632 0.000267 6.416499
128001 10 150.062000 914.117000 2264.953000 20.999500 84.925889 84.809556 54.018330 0.000266 6.397110
129025 10 150.711000 915.089000 2274.280000 20.999500 85.241111 85.112667 54.070697 0.000265 6.378519
130049 10 150.433000 918.640000 2272.449000 20.999500 85.346556 85.401333 54.118691 0.000264 6.359140
