# size n PRTT(1,0,s) PRTT(n,0,s) PRTT(n,PRTT(1,0,s),s) L o_s o_r g G lsqu(g,G)
# to get o: plot "./loggp.out" using 1:(($5-$3)/($2-1)-$3)
# to get g,G: plot "./loggp.out" using 1:($4-$3)/($2-1)
1 10 3.500000 6.100000 35.901000 1.750000 0.100111 0.233556 -nan -nan -nan
1025 10 6.301000 10.700000 64.203000 1.750000 0.132556 0.588333 0.288694 0.000195 -nan
2049 10 7.300000 12.400000 73.704000 1.750000 0.078222 0.644889 0.309087 0.000136 0.049806
3073 10 7.901000 12.999000 80.204000 1.750000 0.132667 0.732667 0.341022 0.000089 0.071089
4097 10 9.100000 14.601000 91.605000 1.750000 0.067222 0.767111 0.359863 0.000071 0.067454
5121 10 9.499000 15.501000 95.905000 1.750000 0.101667 0.845889 0.370196 0.000063 0.061338
6145 10 10.000000 16.601000 101.406000 1.750000 0.156222 0.922667 0.374440 0.000060 0.055411
7169 10 10.500000 17.401000 106.406000 1.750000 0.156222 0.989444 0.381332 0.000057 0.052199
8193 10 10.801000 18.100000 110.206000 1.750000 0.244000 1.088556 0.387306 0.000055 0.049664
9217 10 11.600000 21.900000 119.707000 1.750000 0.411889 1.333889 0.350403 0.000068 0.086144
10241 10 11.000000 22.401000 114.506000 1.750000 0.500667 1.400667 0.320589 0.000078 0.101070
11265 10 12.100000 23.600000 124.707000 1.750000 0.411889 1.522889 0.310290 0.000081 0.098227
12289 10 12.400000 24.201000 127.507000 1.750000 0.389667 1.578444 0.309410 0.000081 0.093674
13313 10 11.701000 25.102000 121.807000 1.750000 0.533000 1.677444 0.297976 0.000084 0.093075
14337 10 12.700000 25.700000 130.907000 1.750000 0.434111 1.734000 0.304061 0.000083 0.090446
15361 10 12.101000 26.300000 126.606000 1.750000 0.621778 1.810667 0.303428 0.000083 0.087168
16385 10 13.000000 27.102000 134.607000 1.750000 0.511889 1.867333 0.312318 0.000081 0.086726
17409 10 12.900000 31.201000 135.908000 1.750000 0.767556 2.222889 0.283063 0.000086 0.109127
18433 10 12.400000 31.702000 131.407000 1.750000 0.823000 2.322889 0.258766 0.000090 0.121244
19457 10 13.900000 32.902000 146.207000 1.750000 0.800778 2.378444 0.250821 0.000092 0.119465
20481 10 13.700000 33.901000 144.707000 1.750000 0.856333 2.456222 0.241382 0.000093 0.118705
21505 10 14.300000 34.201000 150.408000 1.750000 0.823111 2.534222 0.244100 0.000093 0.115911
22529 10 14.200000 35.001000 149.908000 1.750000 0.878667 2.634222 0.245894 0.000093 0.113215
23553 10 14.501000 35.801000 153.209000 1.750000 0.911000 2.633222 0.250225 0.000092 0.111215
24577 10 14.600000 36.102000 154.409000 1.750000 0.934333 2.712000 0.258828 0.000091 0.111249
25601 10 15.101000 38.702000 161.709000 1.750000 1.188778 2.966556 0.256301 0.000091 0.109130
26625 10 15.101000 39.603000 161.909000 1.750000 1.211000 3.044222 0.253767 0.000091 0.107161
27649 10 15.300000 40.602000 164.009000 1.750000 1.223222 3.089778 0.251963 0.000092 0.105205
28673 10 15.601000 41.302000 167.009000 1.750000 1.222111 3.177667 0.253528 0.000092 0.103338
29697 10 15.700000 42.201000 168.109000 1.750000 1.234333 3.234333 0.255138 0.000091 0.101585
30721 10 15.901000 42.802000 170.110000 1.750000 1.233333 3.311000 0.259374 0.000091 0.100610
31745 10 16.100000 43.302000 172.509000 1.750000 1.278778 3.345333 0.266374 0.000090 0.101146
32769 10 16.200000 44.002000 173.809000 1.750000 1.312111 3.367556 0.273791 0.000090 0.102050
33793 10 16.500000 48.001000 177.409000 1.750000 1.378778 3.756444 0.262999 0.000091 0.105855
34817 10 17.001000 48.703000 182.610000 1.750000 1.400000 3.888778 0.257358 0.000091 0.105729
35841 10 17.000000 49.702000 183.809000 1.750000 1.534333 3.923222 0.251548 0.000092 0.105783
36865 10 17.101000 50.702000 184.910000 1.750000 1.544444 4.000111 0.246179 0.000092 0.105679
37889 10 17.401000 51.703000 188.010000 1.750000 1.555556 4.088778 0.242276 0.000092 0.104971
38913 10 17.500000 51.903000 189.010000 1.750000 1.556667 4.134444 0.242801 0.000092 0.103558
39937 10 17.700000 52.802000 191.710000 1.750000 1.634444 4.189889 0.244042 0.000092 0.102269
40961 10 17.500000 53.102000 190.310000 1.750000 1.701111 4.123222 0.246896 0.000092 0.101405
41985 10 18.201000 55.603000 198.511000 1.750000 1.833444 4.433444 0.244736 0.000092 0.100399
43009 10 18.300000 56.503000 199.512000 1.750000 1.834667 4.523444 0.243046 0.000092 0.099337
44033 10 18.701000 57.504000 204.011000 1.750000 1.889000 4.622333 0.242719 0.000092 0.098154
45057 10 18.201000 58.703000 199.512000 1.750000 1.944667 4.666778 0.238508 0.000093 0.098125
46081 10 18.801000 59.804000 205.311000 1.750000 1.922333 4.800111 0.236328 0.000093 0.097311
47105 10 19.100000 60.203000 207.611000 1.750000 1.845667 4.823333 0.237714 0.000093 0.096351
48129 10 19.200000 61.203000 209.512000 1.750000 1.945778 4.879111 0.238758 0.000093 0.095373
49153 10 19.201000 61.002000 209.611000 1.750000 1.955667 4.866778 0.244195 0.000092 0.096415
50177 10 19.900000 64.904000 217.811000 1.750000 2.090111 5.179000 0.239262 0.000092 0.097119
51201 10 20.101000 65.903000 219.513000 1.750000 2.055889 5.333667 0.235020 0.000093 0.097407
52225 10 20.300000 67.004000 221.012000 1.750000 2.001333 5.212444 0.230980 0.000093 0.097609
53249 10 20.401000 67.503000 224.312000 1.750000 2.255778 5.466889 0.229126 0.000093 0.096902
54273 10 20.302000 68.403000 224.614000 1.750000 2.399333 5.677000 0.226888 0.000093 0.096344
55297 10 20.801000 69.504000 227.612000 1.750000 2.178000 5.600222 0.225830 0.000093 0.095518
56321 10 20.800000 69.503000 228.314000 1.750000 2.257111 5.645778 0.228095 0.000093 0.095036
57345 10 20.901000 70.503000 229.813000 1.750000 2.311444 5.644667 0.230017 0.000093 0.094468
58369 10 21.300000 72.903000 236.713000 1.750000 2.634778 5.501333 0.227619 0.000093 0.094097
59393 10 20.700000 73.603000 230.713000 1.750000 2.634778 5.945778 0.223839 0.000093 0.094470
60417 10 21.201000 74.204000 235.513000 1.750000 2.611444 6.066889 0.223042 0.000093 0.093707
61441 10 21.800000 75.004000 241.314000 1.750000 2.590444 6.090222 0.224596 0.000093 0.093121
62465 10 21.800000 76.004000 241.514000 1.750000 2.612667 6.190222 0.225551 0.000093 0.092423
63489 10 22.100000 76.705000 244.513000 1.750000 2.612556 6.268111 0.227973 0.000093 0.092198
64513 10 22.201000 77.504000 245.714000 1.750000 2.633778 6.300444 0.230744 0.000093 0.092164
65537 10 21.401000 78.204000 239.013000 1.750000 2.778111 6.355889 0.231209 0.000093 0.091450
66561 10 23.200000 82.205000 256.915000 1.750000 2.768333 6.723667 0.227315 0.000093 0.092187
67585 10 23.201000 83.005000 257.715000 1.750000 2.856111 6.811667 0.223893 0.000093 0.092607
68609 10 23.501000 84.205000 261.014000 1.750000 2.889333 6.911667 0.220591 0.000093 0.092967
69633 10 23.900000 84.704000 263.716000 1.750000 2.746222 6.934778 0.219871 0.000094 0.092322
70657 10 23.801000 86.005000 264.214000 1.750000 2.911556 7.100556 0.217564 0.000094 0.092177
71681 10 23.900000 86.804000 265.616000 1.750000 2.957333 7.123667 0.215903 0.000094 0.091789
72705 10 24.000000 87.204000 266.016000 1.750000 2.890667 7.035000 0.216023 0.000094 0.091133
73729 10 23.901000 87.504000 266.114000 1.750000 3.011556 7.244889 0.217490 0.000094 0.090718
74753 10 24.601000 89.806000 274.715000 1.750000 3.189444 7.411778 0.216730 0.000094 0.090149
75777 10 25.001000 90.804000 279.017000 1.750000 3.223000 7.500556 0.216774 0.000094 0.089529
76801 10 24.702000 91.305000 276.316000 1.750000 3.255111 7.621778 0.216992 0.000094 0.088928
77825 10 25.200000 92.104000 280.715000 1.750000 3.190556 7.612778 0.218756 0.000094 0.088689
78849 10 25.201000 92.806000 280.017000 1.750000 3.111889 7.733889 0.220851 0.000093 0.088614
79873 10 25.300000 93.804000 282.416000 1.750000 3.268444 7.635000 0.222716 0.000093 0.088446
80897 10 25.200000 94.305000 281.717000 1.750000 3.301889 7.812778 0.225162 0.000093 0.088591
81921 10 25.501000 94.804000 284.616000 1.750000 3.289556 7.878444 0.229210 0.000093 0.089988
82945 10 26.200000 99.505000 292.616000 1.750000 3.401778 8.290444 0.224806 0.000093 0.091729
83969 10 26.500000 100.406000 296.416000 1.750000 3.490667 8.246111 0.221331 0.000093 0.092592
84993 10 26.402000 101.306000 296.517000 1.750000 3.610778 8.488556 0.217710 0.000094 0.093583
86017 10 26.400000 102.906000 295.417000 1.750000 3.490778 8.501667 0.212431 0.000094 0.096297
87041 10 27.002000 103.206000 302.517000 1.750000 3.610778 8.677556 0.210362 0.000094 0.096224
88065 10 26.902000 104.305000 302.518000 1.750000 3.722000 8.755333 0.207586 0.000094 0.096570
89089 10 27.102000 104.505000 304.716000 1.750000 3.744000 8.866556 0.207077 0.000094 0.096038
90113 10 27.101000 104.605000 304.518000 1.750000 3.723111 8.800667 0.208443 0.000094 0.095711
91137 10 27.401000 105.807000 309.917000 1.750000 3.989667 8.923111 0.209647 0.000094 0.095345
92161 10 27.801000 106.806000 312.818000 1.750000 3.867556 8.978556 0.211415 0.000094 0.095199
93185 10 27.800000 107.705000 313.118000 1.750000 3.902000 9.068556 0.213006 0.000094 0.094990
94209 10 28.001000 108.206000 314.919000 1.750000 3.878778 9.123111 0.215819 0.000094 0.095477
95233 10 28.100000 109.006000 316.319000 1.750000 3.924333 9.201778 0.218856 0.000094 0.096141
96257 10 28.301000 109.606000 319.018000 1.750000 4.000889 9.211889 0.222787 0.000093 0.097604
97281 10 28.502000 110.106000 320.019000 1.750000 3.888778 9.366556 0.227778 0.000093 0.100243
98305 10 28.501000 111.007000 320.818000 1.750000 3.978667 8.989667 0.232423 0.000093 0.102412
99329 10 29.400000 116.406000 331.319000 1.750000 4.146556 9.379667 0.228828 0.000093 0.103484
100353 10 29.100000 116.907000 327.619000 1.750000 4.068778 9.446333 0.225538 0.000093 0.104295
101377 10 29.202000 117.906000 330.818000 1.750000 4.310889 9.777778 0.222332 0.000093 0.105043
102401 10 29.202000 119.307000 331.518000 1.750000 4.388667 9.755444 0.218129 0.000094 0.106709
103425 10 29.901000 119.607000 337.220000 1.750000 4.245556 9.867778 0.216797 0.000094 0.106395
104449 10 29.900000 121.006000 338.218000 1.750000 4.357556 9.890778 0.214403 0.000094 0.106590
105473 10 29.801000 121.107000 336.719000 1.750000 4.301000 10.045333 0.213499 0.000094 0.106170
106497 10 30.102000 121.607000 339.020000 1.750000 4.222222 9.966778 0.214004 0.000094 0.105686
107521 10 30.401000 122.807000 345.120000 1.750000 4.567778 10.445444 0.214410 0.000094 0.105198
108545 10 30.902000 124.406000 349.719000 1.750000 4.522111 10.633333 0.214324 0.000094 0.104697
109569 10 31.201000 124.907000 353.420000 1.750000 4.601111 10.634333 0.215566 0.000094 0.104409
110593 10 31.402000 125.708000 354.920000 1.750000 4.544444 10.822333 0.217273 0.000094 0.104316
111617 10 31.601000 126.907000 356.421000 1.750000 4.490111 10.712222 0.218634 0.000094 0.104086
112641 10 31.302000 128.007000 355.021000 1.750000 4.666778 10.489111 0.218890 0.000094 0.103617
113665 10 31.501000 129.606000 357.021000 1.750000 4.667889 10.923222 0.218096 0.000094 0.103233
114689 10 31.701000 128.708000 358.021000 1.750000 4.556778 10.934556 0.221091 0.000094 0.104037
115713 10 32.601000 133.807000 368.121000 1.750000 4.679000 11.434556 0.217620 0.000094 0.105274
116737 10 32.702000 134.906000 370.922000 1.750000 4.878000 11.544556 0.214044 0.000094 0.106608
117761 10 32.902000 135.207000 372.821000 1.750000 4.866778 11.644556 0.212043 0.000094 0.106705
118785 10 33.102000 136.907000 373.921000 1.750000 4.766778 11.811444 0.208948 0.000094 0.107595
119809 10 33.102000 137.308000 374.921000 1.750000 4.877889 11.789000 0.206834 0.000094 0.107765
120833 10 33.201000 138.507000 376.722000 1.750000 4.968000 11.879000 0.204380 0.000094 0.108164
121857 10 33.401000 139.208000 377.121000 1.750000 4.790111 11.923556 0.202686 0.000094 0.108117
122881 10 33.801000 139.907000 382.323000 1.750000 4.923667 12.056889 0.202076 0.000094 0.107716
123905 10 34.101000 140.807000 386.823000 1.750000 5.090333 12.112333 0.201965 0.000094 0.107268
124929 10 34.001000 140.007000 387.023000 1.750000 5.223667 11.923444 0.204619 0.000094 0.107866
125953 10 33.801000 140.608000 383.922000 1.750000 5.101333 12.068000 0.207282 0.000094 0.108474
126977 10 34.402000 141.509000 391.422000 1.750000 5.266889 12.167111 0.210820 0.000094 0.109886
128001 10 34.202000 142.008000 389.622000 1.750000 5.289111 12.155889 0.214504 0.000094 0.111441
129025 10 34.601000 143.108000 392.823000 1.750000 5.201444 12.279111 0.218323 0.000094 0.113127
130049 10 34.601000 143.707000 393.522000 1.750000 5.279111 12.301333 0.222443 0.000094 0.115137
